{
    "meta": {
        "version": "5.2",
        "timestamp": "2020-11-28T13:44:43.681373",
        "branch_coverage": false,
        "show_contexts": false
    },
    "files": {
        "datasize/__datasize__.py": {
            "executed_lines": [],
            "summary": {
                "covered_lines": 0,
                "num_statements": 133,
                "percent_covered": 0.0,
                "missing_lines": 133,
                "excluded_lines": 0
            },
            "missing_lines": [
                1,
                2,
                5,
                23,
                24,
                27,
                28,
                30,
                34,
                37,
                39,
                41,
                65,
                66,
                68,
                80,
                91,
                117,
                118,
                120,
                122,
                126,
                154,
                166,
                169,
                174,
                175,
                176,
                178,
                180,
                182,
                183,
                184,
                186,
                187,
                188,
                190,
                192,
                194,
                195,
                196,
                197,
                199,
                200,
                201,
                202,
                204,
                205,
                207,
                208,
                211,
                213,
                215,
                239,
                240,
                241,
                242,
                243,
                244,
                245,
                247,
                248,
                250,
                251,
                252,
                253,
                254,
                255,
                257,
                258,
                259,
                260,
                262,
                263,
                264,
                266,
                267,
                268,
                269,
                270,
                271,
                272,
                273,
                274,
                275,
                276,
                277,
                278,
                279,
                280,
                281,
                282,
                286,
                287,
                288,
                289,
                290,
                291,
                292,
                293,
                294,
                295,
                296,
                298,
                300,
                301,
                302,
                303,
                306,
                307,
                308,
                309,
                310,
                311,
                312,
                313,
                314,
                315,
                316,
                317,
                318,
                320,
                321,
                322,
                326,
                328,
                329,
                330,
                331,
                332,
                333,
                334,
                335
            ],
            "excluded_lines": []
        },
        "datasize/__expected_test_results__.py": {
            "executed_lines": [],
            "summary": {
                "covered_lines": 0,
                "num_statements": 1,
                "percent_covered": 0.0,
                "missing_lines": 1,
                "excluded_lines": 0
            },
            "missing_lines": [
                1
            ],
            "excluded_lines": []
        },
        "datasize/__init__.py": {
            "executed_lines": [],
            "summary": {
                "covered_lines": 0,
                "num_statements": 1,
                "percent_covered": 0.0,
                "missing_lines": 1,
                "excluded_lines": 0
            },
            "missing_lines": [
                1
            ],
            "excluded_lines": []
        }
    },
    "totals": {
        "covered_lines": 0,
        "num_statements": 135,
        "percent_covered": 0.0,
        "missing_lines": 135,
        "excluded_lines": 0
    }
}